Horizon started successfully.
Horizon started successfully.Horizon started successfully.

Horizon started successfully.
Horizon started successfully.
Horizon started successfully.
Horizon started successfully.
Horizon started successfully.
[2018-09-13 11:55:32] Processing: App\Jobs\TranslateSlug
[2018-09-13 11:55:33] Processed:  App\Jobs\TranslateSlug
Horizon started successfully.Horizon started successfully.

Horizon started successfully.
Horizon started successfully.
Horizon started successfully.
Horizon started successfully.
Horizon started successfully.
Horizon started successfully.
[2018-09-13 11:56:09] Processing: App\Jobs\TranslateSlug
[2018-09-13 11:56:09] Processed:  App\Jobs\TranslateSlug
[2018-09-13 11:57:24] Processing: App\Jobs\TranslateSlug
[2018-09-13 11:57:24] Processed:  App\Jobs\TranslateSlug
[2018-09-13 14:28:07] Processing: App\Notifications\TopicReplied
[2018-09-13 14:28:07] Processing: App\Notifications\TopicReplied
[2018-09-13 14:28:09] Processed:  App\Notifications\TopicReplied
[2018-09-13 14:28:14] Processing: App\Notifications\TopicReplied
[2018-09-13 14:28:15] Processing: App\Notifications\TopicReplied
[2018-09-13 14:28:46] Failed:     App\Notifications\TopicReplied
Horizon started successfully.Horizon started successfully.

Horizon started successfully.
Horizon started successfully.
Horizon started successfully.
Horizon started successfully.
Horizon started successfully.
Horizon started successfully.
[2018-09-13 14:33:48] Processing: App\Notifications\TopicReplied
[2018-09-13 14:33:48] Processing: App\Notifications\TopicReplied
[2018-09-13 14:33:49] Processed:  App\Notifications\TopicReplied
[2018-09-13 14:33:52] Processed:  App\Notifications\TopicReplied
[2018-09-13 14:35:12] Processing: App\Notifications\TopicReplied
[2018-09-13 14:35:12] Processing: App\Notifications\TopicReplied
[2018-09-13 14:35:13] Processed:  App\Notifications\TopicReplied
[2018-09-13 14:35:16] Processed:  App\Notifications\TopicReplied
[2018-09-13 14:35:43] Processing: App\Notifications\TopicReplied
[2018-09-13 14:35:43] Processed:  App\Notifications\TopicReplied
[2018-09-13 14:35:43] Processing: App\Notifications\TopicReplied
[2018-09-13 14:35:44] Processed:  App\Notifications\TopicReplied
[2018-09-13 14:35:47] Processing: App\Notifications\TopicReplied
[2018-09-13 14:35:47] Processed:  App\Notifications\TopicReplied
[2018-09-13 14:35:47] Processing: App\Notifications\TopicReplied
[2018-09-13 14:35:49] Processed:  App\Notifications\TopicReplied

In AbstractConnection.php line 155:
                                             
  Connection refused [tcp://127.0.0.1:6379]  
                                             


In AbstractConnection.php line 155:
                                             
  Connection refused [tcp://127.0.0.1:6379]  
                                             



In AbstractConnection.php line 155:
                                             
  Connection refused [tcp://127.0.0.1:6379]  
                                             


In AbstractConnection.php line 155:
                                             
  Connection refused [tcp://127.0.0.1:6379]  
                                             


In AbstractConnection.php line 155:
                                             
  Connection refused [tcp://127.0.0.1:6379]  
                                             


In AbstractConnection.php line 155:
                                             
  Connection refused [tcp://127.0.0.1:6379]  
                                             


In AbstractConnection.php line 155:
                                             
  Connection refused [tcp://127.0.0.1:6379]  
                                             


In AbstractConnection.php line 155:
                                             
  Connection refused [tcp://127.0.0.1:6379]  
                                             

Horizon started successfully.Horizon started successfully.
Horizon started successfully.
Horizon started successfully.
Horizon started successfully.
Horizon started successfully.

Horizon started successfully.
Horizon started successfully.

In AbstractConnection.php line 155:
                                             
  Connection refused [tcp://127.0.0.1:6379]  
                                             


In AbstractConnection.php line 155:
                                             
  Connection refused [tcp://127.0.0.1:6379]  
                                             


In AbstractConnection.php line 155:
                                             
  Connection refused [tcp://127.0.0.1:6379]  
                                             


In AbstractConnection.php line 155:
                                             
  Connection refused [tcp://127.0.0.1:6379]  
                                             


In AbstractConnection.php line 155:
                                             
  Connection refused [tcp://127.0.0.1:6379]  
                                             


In AbstractConnection.php line 155:
                                             
  Connection refused [tcp://127.0.0.1:6379]  
                                             


In AbstractConnection.php line 155:
                                             
  Connection refused [tcp://127.0.0.1:6379]  
                                             


In AbstractConnection.php line 155:
                                             
  Connection refused [tcp://127.0.0.1:6379]  
                                             

Horizon started successfully.Horizon started successfully.

Horizon started successfully.
Horizon started successfully.
Horizon started successfully.
Horizon started successfully.
Horizon started successfully.
Horizon started successfully.
